[    0.000000] Linux version 4.15.0-212-generic (buildd@lcy02-amd64-083) (gcc version 7.5.0 (Ubuntu 7.5.0-3ubuntu1~18.04)) #223-Ubuntu SMP Tue May 23 13:09:22 UTC 2023 (Ubuntu 4.15.0-212.223-generic 4.15.18)
[    0.000000] Command line: BOOT_IMAGE=/boot/vmlinuz-4.15.0-212-generic root=LABEL=cloudimg-rootfs ro console=tty1 console=ttyS0
[    0.000000] KERNEL supported cpus:
[    0.000000]   Intel GenuineIntel
[    0.000000]   AMD AuthenticAMD
[    0.000000]   Centaur CentaurHauls
[    0.000000] [Firmware Bug]: TSC doesn't count with P0 frequency!
[    0.000000] x86/fpu: Supporting XSAVE feature 0x001: 'x87 floating point registers'
[    0.000000] x86/fpu: Supporting XSAVE feature 0x002: 'SSE registers'
[    0.000000] x86/fpu: Supporting XSAVE feature 0x004: 'AVX registers'
[    0.000000] x86/fpu: xstate_offset[2]:  576, xstate_sizes[2]:  256
[    0.000000] x86/fpu: Enabled xstate features 0x7, context size is 832 bytes, using 'standard' format.
[    0.000000] e820: BIOS-provided physical RAM map:
[    0.000000] BIOS-e820: [mem 0x0000000000000000-0x000000000009fbff] usable
[    0.000000] BIOS-e820: [mem 0x000000000009fc00-0x000000000009ffff] reserved
[    0.000000] BIOS-e820: [mem 0x00000000000f0000-0x00000000000fffff] reserved
[    0.000000] BIOS-e820: [mem 0x0000000000100000-0x000000003ffeffff] usable
[    0.000000] BIOS-e820: [mem 0x000000003fff0000-0x000000003fffffff] ACPI data
[    0.000000] BIOS-e820: [mem 0x00000000fec00000-0x00000000fec00fff] reserved
[    0.000000] BIOS-e820: [mem 0x00000000fee00000-0x00000000fee00fff] reserved
[    0.000000] BIOS-e820: [mem 0x00000000fffc0000-0x00000000ffffffff] reserved
[    0.000000] NX (Execute Disable) protection: active
[    0.000000] SMBIOS 2.5 present.
[    0.000000] DMI: innotek GmbH VirtualBox/VirtualBox, BIOS VirtualBox 12/01/2006
[    0.000000] Hypervisor detected: KVM
[    0.000000] e820: last_pfn = 0x3fff0 max_arch_pfn = 0x400000000
[    0.000000] MTRR: Disabled
[    0.000000] x86/PAT: MTRRs disabled, skipping PAT initialization too.
[    0.000000] CPU MTRRs all blank - virtualized system.
[    0.000000] x86/PAT: Configuration [0-7]: WB  WT  UC- UC  WB  WT  UC- UC  
[    0.000000] found SMP MP-table at [mem 0x0009fff0-0x0009ffff]
[    0.000000] Scanning 1 areas for low memory corruption
[    0.000000] RAMDISK: [mem 0x359cb000-0x36cdcfff]
[    0.000000] ACPI: Early table checksum verification disabled
[    0.000000] ACPI: RSDP 0x00000000000E0000 000024 (v02 VBOX  )
[    0.000000] ACPI: XSDT 0x000000003FFF0030 00003C (v01 VBOX   VBOXXSDT 00000001 ASL  00000061)
[    0.000000] ACPI: FACP 0x000000003FFF00F0 0000F4 (v04 VBOX   VBOXFACP 00000001 ASL  00000061)
[    0.000000] ACPI: DSDT 0x000000003FFF0610 002353 (v02 VBOX   VBOXBIOS 00000002 INTL 20100528)
[    0.000000] ACPI: FACS 0x000000003FFF0200 000040
[    0.000000] ACPI: FACS 0x000000003FFF0200 000040
[    0.000000] ACPI: APIC 0x000000003FFF0240 00005C (v02 VBOX   VBOXAPIC 00000001 ASL  00000061)
[    0.000000] ACPI: SSDT 0x000000003FFF02A0 00036C (v01 VBOX   VBOXCPUT 00000002 INTL 20100528)
[    0.000000] ACPI: Reserving FACP table memory at [mem 0x3fff00f0-0x3fff01e3]
[    0.000000] ACPI: Reserving DSDT table memory at [mem 0x3fff0610-0x3fff2962]
[    0.000000] ACPI: Reserving FACS table memory at [mem 0x3fff0200-0x3fff023f]
[    0.000000] ACPI: Reserving FACS table memory at [mem 0x3fff0200-0x3fff023f]
[    0.000000] ACPI: Reserving APIC table memory at [mem 0x3fff0240-0x3fff029b]
[    0.000000] ACPI: Reserving SSDT table memory at [mem 0x3fff02a0-0x3fff060b]
[    0.000000] No NUMA configuration found
[    0.000000] Faking a node at [mem 0x0000000000000000-0x000000003ffeffff]
[    0.000000] NODE_DATA(0) allocated [mem 0x3ffc5000-0x3ffeffff]
[    0.000000] kvm-clock: cpu 0, msr 0:3ff44001, primary cpu clock
[    0.000000] kvm-clock: Using msrs 4b564d01 and 4b564d00
[    0.000000] kvm-clock: using sched offset of 3185993851 cycles
[    0.000000] clocksource: kvm-clock: mask: 0xffffffffffffffff max_cycles: 0x1cd42e4dffb, max_idle_ns: 881590591483 ns
[    0.000000] Zone ranges:
[    0.000000]   DMA      [mem 0x0000000000001000-0x0000000000ffffff]
[    0.000000]   DMA32    [mem 0x0000000001000000-0x000000003ffeffff]
[    0.000000]   Normal   empty
[    0.000000]   Device   empty
[    0.000000] Movable zone start for each node
[    0.000000] Early memory node ranges
[    0.000000]   node   0: [mem 0x0000000000001000-0x000000000009efff]
[    0.000000]   node   0: [mem 0x0000000000100000-0x000000003ffeffff]
[    0.000000] Reserved but unavailable: 104 pages
[    0.000000] Initmem setup node 0 [mem 0x0000000000001000-0x000000003ffeffff]
[    0.000000] ACPI: PM-Timer IO Port: 0x4008
[    0.000000] IOAPIC[0]: apic_id 2, version 32, address 0xfec00000, GSI 0-23
[    0.000000] ACPI: INT_SRC_OVR (bus 0 bus_irq 0 global_irq 2 dfl dfl)
[    0.000000] ACPI: INT_SRC_OVR (bus 0 bus_irq 9 global_irq 9 low level)
[    0.000000] Using ACPI (MADT) for SMP configuration information
[    0.000000] smpboot: Allowing 2 CPUs, 0 hotplug CPUs
[    0.000000] PM: Registered nosave memory: [mem 0x00000000-0x00000fff]
[    0.000000] PM: Registered nosave memory: [mem 0x0009f000-0x0009ffff]
[    0.000000] PM: Registered nosave memory: [mem 0x000a0000-0x000effff]
[    0.000000] PM: Registered nosave memory: [mem 0x000f0000-0x000fffff]
[    0.000000] e820: [mem 0x40000000-0xfebfffff] available for PCI devices
[    0.000000] Booting paravirtualized kernel on KVM
[    0.000000] clocksource: refined-jiffies: mask: 0xffffffff max_cycles: 0xffffffff, max_idle_ns: 7645519600211568 ns
[    0.000000] setup_percpu: NR_CPUS:8192 nr_cpumask_bits:2 nr_cpu_ids:2 nr_node_ids:1
[    0.000000] percpu: Embedded 50 pages/cpu s167936 r8192 d28672 u1048576
[    0.000000] PV qspinlock hash table entries: 256 (order: 0, 4096 bytes)
[    0.000000] Built 1 zonelists, mobility grouping on.  Total pages: 257913
[    0.000000] Policy zone: DMA32
[    0.000000] Kernel command line: BOOT_IMAGE=/boot/vmlinuz-4.15.0-212-generic root=LABEL=cloudimg-rootfs ro console=tty1 console=ttyS0
[    0.000000] Memory: 982644K/1048120K available (12300K kernel code, 2477K rwdata, 4324K rodata, 2480K init, 2720K bss, 65476K reserved, 0K cma-reserved)
[    0.000000] SLUB: HWalign=64, Order=0-3, MinObjects=0, CPUs=2, Nodes=1
[    0.000000] ftrace: allocating 39508 entries in 155 pages
[    0.004000] Hierarchical RCU implementation.
[    0.004000] 	RCU restricting CPUs from NR_CPUS=8192 to nr_cpu_ids=2.
[    0.004000] 	Tasks RCU enabled.
[    0.004000] RCU: Adjusting geometry for rcu_fanout_leaf=16, nr_cpu_ids=2
[    0.004000] NR_IRQS: 524544, nr_irqs: 440, preallocated irqs: 16
[    0.004000] random: crng init done
[    0.004000] Console: colour VGA+ 80x25
[    0.004000] console [tty1] enabled
[    0.004000] console [ttyS0] enabled
[    0.004000] ACPI: Core revision 20170831
[    0.004000] ACPI: 2 ACPI AML tables successfully acquired and loaded
[    0.004000] APIC: Switch to symmetric I/O mode setup
[    0.004000] x2apic enabled
[    0.004000] Switched APIC routing to physical x2apic.
[    0.004000] ..TIMER: vector=0x30 apic1=0 pin1=2 apic2=-1 pin2=-1
[    0.004000] tsc: Detected 2794.754 MHz processor
[    0.004000] Calibrating delay loop (skipped) preset value.. 5589.50 BogoMIPS (lpj=11179016)
[    0.004000] pid_max: default: 32768 minimum: 301
[    0.004000] Security Framework initialized
[    0.004012] Yama: becoming mindful.
[    0.004656] AppArmor: AppArmor initialized
[    0.005684] Dentry cache hash table entries: 131072 (order: 8, 1048576 bytes)
[    0.008084] Inode-cache hash table entries: 65536 (order: 7, 524288 bytes)
[    0.009171] Mount-cache hash table entries: 2048 (order: 2, 16384 bytes)
[    0.010150] Mountpoint-cache hash table entries: 2048 (order: 2, 16384 bytes)
[    0.012221] Last level iTLB entries: 4KB 1024, 2MB 1024, 4MB 512
[    0.013519] Last level dTLB entries: 4KB 2048, 2MB 2048, 4MB 1024, 1GB 0
[    0.014691] Spectre V1 : Mitigation: usercopy/swapgs barriers and __user pointer sanitization
[    0.016011] Spectre V2 : Mitigation: Retpolines
[    0.016689] Spectre V2 : Spectre v2 / SpectreRSB mitigation: Filling RSB on context switch
[    0.017840] Spectre V2 : Spectre v2 / SpectreRSB : Filling RSB on VMEXIT
[    0.018646] RETBleed: Vulnerable
[    0.019352] Freeing SMP alternatives memory: 36K
[    0.128862] APIC calibration not consistent with PM-Timer: 98ms instead of 100ms
[    0.129891] APIC delta adjusted to PM-Timer: 6233115 (6157769)
[    0.130660] smpboot: CPU0: AMD Ryzen 5 7520U with Radeon Graphics (family: 0x17, model: 0xa0, stepping: 0x0)
[    0.131883] Performance Events: PMU not available due to virtualization, using software events only.
[    0.132000] Hierarchical SRCU implementation.
[    0.132000] NMI watchdog: Perf event create on CPU 0 failed with -2
[    0.132000] NMI watchdog: Perf NMI watchdog permanently disabled
[    0.132000] smp: Bringing up secondary CPUs ...
[    0.132000] x86: Booting SMP configuration:
[    0.132000] .... node  #0, CPUs:      #1
[    0.004000] kvm-clock: cpu 1, msr 0:3ff44041, secondary cpu clock
[    0.136023] smp: Brought up 1 node, 2 CPUs
[    0.136558] smpboot: Max logical packages: 1
[    0.137111] smpboot: Total of 2 processors activated (11179.01 BogoMIPS)
[    0.138036] devtmpfs: initialized
[    0.138036] x86/mm: Memory block size: 128MB
[    0.138036] evm: security.selinux
[    0.140003] evm: security.SMACK64
[    0.140462] evm: security.SMACK64EXEC
[    0.140917] evm: security.SMACK64TRANSMUTE
[    0.141426] evm: security.SMACK64MMAP
[    0.141955] evm: security.apparmor
[    0.142405] evm: security.ima
[    0.142795] evm: security.capability
[    0.144078] clocksource: jiffies: mask: 0xffffffff max_cycles: 0xffffffff, max_idle_ns: 7645041785100000 ns
[    0.145157] futex hash table entries: 512 (order: 3, 32768 bytes)
[    0.146088] pinctrl core: initialized pinctrl subsystem
[    0.146797] RTC time: 18:58:12, date: 08/27/25
[    0.148134] NET: Registered protocol family 16
[    0.148741] audit: initializing netlink subsys (disabled)
[    0.149387] audit: type=2000 audit(1756321097.318:1): state=initialized audit_enabled=0 res=1
[    0.149387] cpuidle: using governor ladder
[    0.149387] cpuidle: using governor menu
[    0.152087] ACPI: bus type PCI registered
[    0.152609] acpiphp: ACPI Hot Plug PCI Controller Driver version: 0.5
[    0.153560] PCI: Using configuration type 1 for base access
[    0.154254] PCI: Using configuration type 1 for extended access
[    0.156029] HugeTLB registered 2.00 MiB page size, pre-allocated 0 pages
[    0.156851] ACPI: Added _OSI(Module Device)
[    0.156851] ACPI: Added _OSI(Processor Device)
[    0.157135] ACPI: Added _OSI(3.0 _SCP Extensions)
[    0.157703] ACPI: Added _OSI(Processor Aggregator Device)
[    0.158365] ACPI: Added _OSI(Linux-Dell-Video)
[    0.160003] ACPI: Added _OSI(Linux-Lenovo-NV-HDMI-Audio)
[    0.160635] ACPI: Added _OSI(Linux-HPI-Hybrid-Graphics)
[    0.161492] ACPI: Executed 1 blocks of module-level executable AML code
[    0.161492] ACPI: Interpreter enabled
[    0.161492] ACPI: (supports S0 S5)
[    0.161869] ACPI: Using IOAPIC for interrupt routing
[    0.162623] PCI: Using host bridge windows from ACPI; if necessary, use "pci=nocrs" and report a bug
[    0.163915] ACPI: Enabled 2 GPEs in block 00 to 07
[    0.169053] ACPI: PCI Root Bridge [PCI0] (domain 0000 [bus 00-ff])
[    0.169875] acpi PNP0A03:00: _OSC: OS supports [ExtendedConfig ASPM ClockPM Segments MSI]
[    0.171592] acpi PNP0A03:00: _OSC: platform does not support [PCIeCapability]
[    0.176303] acpi PNP0A03:00: _OSC: not requesting control; platform does not support [PCIeCapability]
[    0.177407] acpi PNP0A03:00: _OSC: OS requested [PCIeHotplug PME AER PCIeCapability]
[    0.178360] acpi PNP0A03:00: _OSC: platform willing to grant [PCIeHotplug PME AER]
[    0.180002] acpi PNP0A03:00: _OSC failed (AE_SUPPORT); disabling ASPM
[    0.181052] PCI host bridge to bus 0000:00
[    0.181567] pci_bus 0000:00: root bus resource [io  0x0000-0x0cf7 window]
[    0.182364] pci_bus 0000:00: root bus resource [io  0x0d00-0xffff window]
[    0.183172] pci_bus 0000:00: root bus resource [mem 0x000a0000-0x000bffff window]
[    0.184004] pci_bus 0000:00: root bus resource [mem 0x40000000-0xfdffffff window]
[    0.185075] pci_bus 0000:00: root bus resource [bus 00-ff]
[    0.186884] pci 0000:00:01.1: legacy IDE quirk: reg 0x10: [io  0x01f0-0x01f7]
[    0.186884] pci 0000:00:01.1: legacy IDE quirk: reg 0x14: [io  0x03f6]
[    0.186884] pci 0000:00:01.1: legacy IDE quirk: reg 0x18: [io  0x0170-0x0177]
[    0.186884] pci 0000:00:01.1: legacy IDE quirk: reg 0x1c: [io  0x0376]
[    0.202512] pci 0000:00:07.0: quirk: [io  0x4000-0x403f] claimed by PIIX4 ACPI
[    0.203469] pci 0000:00:07.0: quirk: [io  0x4100-0x410f] claimed by PIIX4 SMB
[    0.213870] ACPI: PCI Interrupt Link [LNKA] (IRQs 5 9 10 *11)
[    0.214862] ACPI: PCI Interrupt Link [LNKB] (IRQs 5 9 *10 11)
[    0.216066] ACPI: PCI Interrupt Link [LNKC] (IRQs 5 *9 10 11)
[    0.216910] ACPI: PCI Interrupt Link [LNKD] (IRQs 5 9 10 *11)
[    0.217869] SCSI subsystem initialized
[    0.220038] pci 0000:00:02.0: vgaarb: setting as boot VGA device
[    0.220802] pci 0000:00:02.0: vgaarb: VGA device added: decodes=io+mem,owns=io+mem,locks=none
[    0.221827] pci 0000:00:02.0: vgaarb: bridge control possible
[    0.224013] vgaarb: loaded
[    0.224400] ACPI: bus type USB registered
[    0.225000] usbcore: registered new interface driver usbfs
[    0.225715] usbcore: registered new interface driver hub
[    0.226414] usbcore: registered new device driver usb
[    0.227066] EDAC MC: Ver: 3.0.0
[    0.228186] PCI: Using ACPI for IRQ routing
[    0.228751] NetLabel: Initializing
[    0.229193] NetLabel:  domain hash size = 128
[    0.229721] NetLabel:  protocols = UNLABELED CIPSOv4 CALIPSO
[    0.230450] NetLabel:  unlabeled traffic allowed by default
[    0.231117] clocksource: Switched to clocksource kvm-clock
[    0.236236] VFS: Disk quotas dquot_6.6.0
[    0.237818] VFS: Dquot-cache hash table entries: 512 (order 0, 4096 bytes)
[    0.238716] AppArmor: AppArmor Filesystem Enabled
[    0.239329] pnp: PnP ACPI init
[    0.240502] pnp: PnP ACPI: found 3 devices
[    0.248806] clocksource: acpi_pm: mask: 0xffffff max_cycles: 0xffffff, max_idle_ns: 2085701024 ns
[    0.250243] NET: Registered protocol family 2
[    0.250844] IP idents hash table entries: 16384 (order: 5, 131072 bytes)
[    0.252099] TCP established hash table entries: 8192 (order: 4, 65536 bytes)
[    0.252957] TCP bind hash table entries: 8192 (order: 5, 131072 bytes)
[    0.253711] TCP: Hash tables configured (established 8192 bind 8192)
[    0.254472] UDP hash table entries: 512 (order: 2, 16384 bytes)
[    0.255179] UDP-Lite hash table entries: 512 (order: 2, 16384 bytes)
[    0.255921] NET: Registered protocol family 1
[    0.256458] pci 0000:00:00.0: Limiting direct PCI/PCI transfers
[    0.257167] pci 0000:00:01.0: Activating ISA DMA hang workarounds
[    0.257897] pci 0000:00:02.0: Video device with shadowed ROM at [mem 0x000c0000-0x000dffff]
[    0.258959] Unpacking initramfs...
[    0.458507] Freeing initrd memory: 19528K
[    0.459464] clocksource: tsc: mask: 0xffffffffffffffff max_cycles: 0x2848e4f69de, max_idle_ns: 440795216991 ns
[    0.460752] platform rtc_cmos: registered platform RTC device (no PNP device found)
[    0.461696] Scanning for low memory corruption every 60 seconds
[    0.462907] Initialise system trusted keyrings
[    0.463467] Key type blacklist registered
[    0.464067] workingset: timestamp_bits=36 max_order=18 bucket_order=0
[    0.465429] zbud: loaded
[    0.466325] squashfs: version 4.0 (2009/01/31) Phillip Lougher
[    0.467267] fuse init (API version 7.26)
[    0.470125] Key type asymmetric registered
[    0.470688] Asymmetric key parser 'x509' registered
[    0.471287] Block layer SCSI generic (bsg) driver version 0.4 loaded (major 246)
[    0.472413] io scheduler noop registered
[    0.472896] io scheduler deadline registered
[    0.473441] io scheduler cfq registered (default)
[    0.474245] ACPI: AC Adapter [AC] (off-line)
[    0.474796] input: Power Button as /devices/LNXSYSTM:00/LNXPWRBN:00/input/input0
[    0.475818] ACPI: Power Button [PWRF]
[    0.476355] input: Sleep Button as /devices/LNXSYSTM:00/LNXSLPBN:00/input/input1
[    0.477245] ACPI: Sleep Button [SLPF]
[    0.477959] Serial: 8250/16550 driver, 32 ports, IRQ sharing enabled
[    0.478554] ACPI: Battery Slot [BAT0] (battery present)
[    0.500098] 00:02: ttyS0 at I/O 0x3f8 (irq = 4, base_baud = 115200) is a 16550A
[    0.503404] Linux agpgart interface v0.103
[    0.505161] loop: module loaded
[    0.506043] scsi host0: ata_piix
[    0.506568] scsi host1: ata_piix
[    0.506990] ata1: PATA max UDMA/33 cmd 0x1f0 ctl 0x3f6 bmdma 0xd000 irq 14
[    0.507771] ata2: PATA max UDMA/33 cmd 0x170 ctl 0x376 bmdma 0xd008 irq 15
[    0.508835] tun: Universal TUN/TAP device driver, 1.6
[    0.509567] PPP generic driver version 2.4.2
[    0.510134] ehci_hcd: USB 2.0 'Enhanced' Host Controller (EHCI) Driver
[    0.510871] ehci-pci: EHCI PCI platform driver
[    0.511416] ehci-platform: EHCI generic platform driver
[    0.512194] ohci_hcd: USB 1.1 'Open' Host Controller (OHCI) Driver
[    0.512930] ohci-pci: OHCI PCI platform driver
[    0.513493] ohci-platform: OHCI generic platform driver
[    0.514126] uhci_hcd: USB Universal Host Controller Interface driver
[    0.514889] i8042: PNP: PS/2 Controller [PNP0303:PS2K,PNP0f03:PS2M] at 0x60,0x64 irq 1,12
[    0.516332] serio: i8042 KBD port at 0x60,0x64 irq 1
[    0.516984] serio: i8042 AUX port at 0x60,0x64 irq 12
[    0.517813] mousedev: PS/2 mouse device common for all mice
[    0.519052] input: AT Translated Set 2 keyboard as /devices/platform/i8042/serio0/input/input2
[    0.520220] rtc_cmos rtc_cmos: rtc core: registered rtc_cmos as rtc0
[    0.521007] rtc_cmos rtc_cmos: alarms up to one day, 114 bytes nvram
[    0.521879] i2c /dev entries driver
[    0.522412] device-mapper: uevent: version 1.0.3
[    0.523071] device-mapper: ioctl: 4.37.0-ioctl (2017-09-20) initialised: dm-devel@redhat.com
[    0.524123] ledtrig-cpu: registered to indicate activity on CPUs
[    0.525175] NET: Registered protocol family 10
[    0.528357] Segment Routing with IPv6
[    0.528863] NET: Registered protocol family 17
[    0.529445] Key type dns_resolver registered
[    0.530153] mce: Using 0 MCE banks
[    0.530598] RAS: Correctable Errors collector initialized.
[    0.531385] sched_clock: Marking stable (530127919, 0)->(679976946, -149849027)
[    0.533311] registered taskstats version 1
[    0.533904] Loading compiled-in X.509 certificates
[    0.536106] Loaded X.509 cert 'Build time autogenerated kernel key: b5b26778eaa3ab3a4a6cee031137706e947d12ad'
[    0.537686] Loaded X.509 cert 'Canonical Ltd. Live Patch Signing: 14df34d1a87cf37625abec039ef2bf521249b969'
[    0.539165] Loaded X.509 cert 'Canonical Ltd. Kernel Module Signing: 88f752e560a1e0737e31163a466ad7b70a850c19'
[    0.540376] blacklist: Loading compiled-in revocation X.509 certificates
[    0.541327] Loaded X.509 cert 'Canonical Ltd. Secure Boot Signing: 61482aa2830d0ab2ad5af10b7250da9033ddcef0'
[    0.542505] Loaded X.509 cert 'Canonical Ltd. Secure Boot Signing (2017): 242ade75ac4a15e50d50c84b0d45ff3eae707a03'
[    0.543688] Loaded X.509 cert 'Canonical Ltd. Secure Boot Signing (ESM 2018): 365188c1d374d6b07c3c8f240f8ef722433d6a8b'
[    0.544949] Loaded X.509 cert 'Canonical Ltd. Secure Boot Signing (2019): c0746fd6c5da3ae827864651ad66ae47fe24b3e8'
[    0.546148] Loaded X.509 cert 'Canonical Ltd. Secure Boot Signing (2021 v1): a8d54bbb3825cfb94fa13c9f8a594a195c107b8d'
[    0.547350] Loaded X.509 cert 'Canonical Ltd. Secure Boot Signing (2021 v2): 4cf046892d6fd3c9a5b03f98d845f90851dc6a8c'
[    0.548616] Loaded X.509 cert 'Canonical Ltd. Secure Boot Signing (2021 v3): 100437bb6de6e469b581e61cd66bce3ef4ed53af'
[    0.550067] Loaded X.509 cert 'Canonical Ltd. Secure Boot Signing (Ubuntu Core 2019): c1d57b8f6b743f23ee41f4f7ee292f06eecadfb9'
[    0.551432] zswap: loaded using pool lzo/zbud
[    0.554521] Key type big_key registered
[    0.555030] Key type trusted registered
[    0.556486] Key type encrypted registered
[    0.557006] AppArmor: AppArmor sha1 policy hashing enabled
[    0.557633] ima: No TPM chip found, activating TPM-bypass! (rc=-19)
[    0.558360] ima: Allocated hash algorithm: sha1
[    0.558911] evm: HMAC attrs: 0x1
[    0.559524]   Magic number: 5:395:1000
[    0.559985] misc memory_bandwidth: hash matches
[    0.560659] serial 00:02: hash matches
[    0.561199] rtc_cmos rtc_cmos: setting system clock to 2025-08-27 18:58:12 UTC (1756321092)
[    0.562351] BIOS EDD facility v0.16 2004-Jun-25, 0 devices found
[    0.563064] EDD information not available.
[    0.693642] Freeing unused kernel image memory: 2480K
[    0.708311] Write protecting the kernel read-only data: 20480k
[    0.710146] Freeing unused kernel image memory: 2008K
[    0.711002] Freeing unused kernel image memory: 1820K
[    0.717350] x86/mm: Checked W+X mappings: passed, no W+X pages found.
Loading, please wait...
starting version 237
[    0.768544] e1000: Intel(R) PRO/1000 Network Driver - version 7.3.21-k8-NAPI
[    0.769662] e1000: Copyright (c) 1999-2006 Intel Corporation.
[    0.772367] Fusion MPT base driver 3.04.20
[    0.773020] Copyright (c) 1999-2008 LSI Corporation
[    0.778675] Fusion MPT SPI Host driver 3.04.20
[    0.781084] AVX2 version of gcm_enc/dec engaged.
[    0.783318] AES CTR mode by8 optimization enabled
[    1.104825] input: ImExPS/2 Generic Explorer Mouse as /devices/platform/i8042/serio1/input/input4
[    1.131628] e1000 0000:00:03.0 eth0: (PCI:33MHz:32-bit) 02:3b:7b:b7:3b:2d
[    1.133804] e1000 0000:00:03.0 eth0: Intel(R) PRO/1000 Network Connection
[    1.135476] mptbase: ioc0: Initiating bringup
[    1.240613] ioc0: LSI53C1030 A0: Capabilities={Initiator}
[    1.481368] scsi host2: ioc0: LSI53C1030 A0, FwRev=00000000h, Ports=1, MaxQ=256, IRQ=20
[    1.813005] scsi 2:0:0:0: Direct-Access     VBOX     HARDDISK         1.0  PQ: 0 ANSI: 5
[    1.852560] scsi target2:0:0: Beginning Domain Validation
[    1.853834] scsi target2:0:0: Domain Validation skipping write tests
[    1.854561] scsi target2:0:0: Ending Domain Validation
[    1.855196] scsi target2:0:0: asynchronous
[    1.855971] scsi 2:0:1:0: Direct-Access     VBOX     HARDDISK         1.0  PQ: 0 ANSI: 5
[    2.155380] scsi target2:0:1: Beginning Domain Validation
[    2.158433] scsi target2:0:1: Domain Validation skipping write tests
[    2.159288] scsi target2:0:1: Ending Domain Validation
[    2.160029] scsi target2:0:1: asynchronous
[    2.163690] sd 2:0:0:0: Attached scsi generic sg0 type 0
[    2.164763] sd 2:0:0:0: [sda] 83886080 512-byte logical blocks: (42.9 GB/40.0 GiB)
[    2.166137] sd 2:0:0:0: [sda] Write Protect is off
[    2.167085] sd 2:0:0:0: [sda] Incomplete mode parameter data
[    2.167833] sd 2:0:0:0: [sda] Assuming drive cache: write through
[    2.168850] sd 2:0:1:0: [sdb] 20480 512-byte logical blocks: (10.5 MB/10.0 MiB)
[    2.169832] sd 2:0:1:0: [sdb] Write Protect is off
[    2.170509]  sda: sda1
[    2.170921] sd 2:0:1:0: Attached scsi generic sg1 type 0
[    2.171390] sd 2:0:0:0: [sda] Attached SCSI disk
[    2.171724] sd 2:0:1:0: [sdb] Incomplete mode parameter data
[    2.173064] sd 2:0:1:0: [sdb] Assuming drive cache: write through
[    2.175719] sd 2:0:1:0: [sdb] Attached SCSI disk
[    2.187491] e1000 0000:00:08.0 eth1: (PCI:33MHz:32-bit) 08:00:27:e8:67:da
[    2.188346] e1000 0000:00:08.0 eth1: Intel(R) PRO/1000 Network Connection
[    2.190333] e1000 0000:00:03.0 enp0s3: renamed from eth0
[    2.200459] e1000 0000:00:08.0 enp0s8: renamed from eth1
Begin: Loading essential drivers ... [    4.088147] raid6: sse2x1   gen()  4017 MB/s
[    4.137563] raid6: sse2x1   xor()  6849 MB/s
[    4.184314] raid6: sse2x2   gen() 15317 MB/s
[    4.233134] raid6: sse2x2   xor() 11069 MB/s
[    4.280292] raid6: sse2x4   gen() 15789 MB/s
[    4.329640] raid6: sse2x4   xor()  8540 MB/s
[    4.376657] raid6: avx2x1   gen() 18999 MB/s
[    4.424925] raid6: avx2x1   xor() 15614 MB/s
[    4.474502] raid6: avx2x2   gen() 34638 MB/s
[    4.521566] raid6: avx2x2   xor() 21302 MB/s
[    4.571008] raid6: avx2x4   gen() 35679 MB/s
[    4.619831] raid6: avx2x4   xor() 15092 MB/s
[    4.620464] raid6: using algorithm avx2x4 gen() 35679 MB/s
[    4.621223] raid6: .... xor() 15092 MB/s, rmw enabled
[    4.621980] raid6: using avx2x2 recovery algorithm
[    4.623504] xor: automatically using best checksumming function   avx       
[    4.625200] async_tx: api initialized (async)
done.
Begin: Running /scripts/init-premount ... done.
Begin: Mounting root file system ... Begin: Running /scripts/local-top ... done.
Begin: Running /scripts/local-premount ... [    4.660230] Btrfs loaded, crc32c=crc32c-intel
Scanning for Btrfs filesystems
done.
Warning: fsck not present, so skipping root file system
[    4.700543] EXT4-fs (sda1): mounted filesystem with ordered data mode. Opts: (null)
done.
Begin: Running /scripts/local-bottom ... done.
Begin: Running /scripts/init-bottom ... done.
[    4.820702] ip_tables: (C) 2000-2006 Netfilter Core Team
[    4.827778] systemd[1]: systemd 237 running in system mode. (+PAM +AUDIT +SELINUX +IMA +APPARMOR +SMACK +SYSVINIT +UTMP +LIBCRYPTSETUP +GCRYPT +GNUTLS +ACL +XZ +LZ4 +SECCOMP +BLKID +ELFUTILS +KMOD -IDN2 +IDN -PCRE2 default-hierarchy=hybrid)
[    4.830359] systemd[1]: Detected virtualization oracle.
[    4.831025] systemd[1]: Detected architecture x86-64.

Welcome to [1mUbuntu 18.04.6 LTS[0m!

[    4.836162] systemd[1]: Set hostname to <ubuntu>.
[    4.839003] systemd[1]: Initializing machine ID from random generator.
[    4.839875] systemd[1]: Installed transient /etc/machine-id file.
[    5.039981] systemd[1]: Created slice User and Session Slice.
[[0;32m  OK  [0m] Created slice User and Session Slice.
[    5.052436] systemd[1]: Started Forward Password Requests to Wall Directory Watch.
[[0;32m  OK  [0m] Started Forward Password Requests to Wall Directory Watch.
[    5.054087] systemd[1]: Reached target System Time Synchronized.
[[0;32m  OK  [0m] Reached target System Time Synchronized.
[    5.055305] systemd[1]: Reached target User and Group Name Lookups.
[[0;32m  OK  [0m] Reached target User and Group Name Lookups.
[[0;32m  OK  [0m] Reached target Swap.
[[0;32m  OK  [0m] Created slice System Slice.
[[0;32m  OK  [0m] Listening on LVM2 metadata daemon socket.
[[0;32m  OK  [0m] Listening on Network Service Netlink Socket.
[[0;32m  OK  [0m] Listening on Syslog Socket.
[[0;32m  OK  [0m] Listening on udev Kernel Socket.
[[0;32m  OK  [0m] Reached target Slices.
[[0;32m  OK  [0m] Listening on Device-mapper event daemon FIFOs.
[[0;32m  OK  [0m] Listening on udev Control Socket.
[[0;32m  OK  [0m] Listening on Journal Socket.
         Starting Monitoring of LVM2 mirrors…ng dmeventd or progress polling...
         Starting Set the console keyboard layout...
         Starting Create list of required st…ce nodes for the current kernel...
         Starting Uncomplicated firewall...
         Starting udev Coldplug all Devices...
         Mounting Huge Pages File System...
         Mounting POSIX Message Queue File System...
[[0;32m  OK  [0m] Listening on fsck to fsckd communication Socket.
[[0;32m  OK  [0m] Created slice system-serial\x2dgetty.slice.
         Mounting Kernel Debug File System...
[[0;32m  OK  [0m] Listening on Journal Socket (/dev/log).
[[0;32m  OK  [0m] Set up automount Arbitrary Executab…rmats File System Automount Point.
         Starting File System Check on Root Device...
[[0;32m  OK  [0m] Reached target Mounting snaps.
[[0;32m  OK  [0m] Reached target Mounted snaps.
[[0;32m  OK  [0m] Listening on Journal Audit Socket.
         Starting Load Kernel Modules...
[[0;32m  OK  [0m] Listening on /dev/initctl Compatibility Named Pipe.
         Starting Journal Service...
[[0;32m  OK  [0m] Listening on LVM2 poll daemon socket.
[[0;32m  OK  [0m] Started Create list of required sta…vice nodes for the current kernel.
[[0;32m  OK  [0m] Started Uncomplicated firewall.
[[0;32m  OK  [0m] Started File System Check Daemon to report status.
[[0;32m  OK  [0m] Started LVM2 metadata daemon.
         Starting Create Static Device Nodes in /dev...
[[0;32m  OK  [0m] Mounted Huge Pages File System.
[[0;32m  OK  [0m] Mounted POSIX Message Queue File System.
[[0;32m  OK  [0m] Mounted Kernel Debug File System.
[[0;32m  OK  [0m] Started udev Coldplug all Devices.
[    5.196839] Loading iSCSI transport class v2.0-870.
[    5.202101] iscsi: registered transport (tcp)
[[0;32m  OK  [0m] Started Journal Service.
[[0;32m  OK  [0m] Started Create Static Device Nodes in /dev.
[[0;32m  OK  [0m] Started File System Check on Root Device.
[    5.275093] iscsi: registered transport (iser)
         Starting Remount Root and Kernel File Systems...
[[0;32m  OK  [0m] Started Monitoring of LVM2 mirrors,…sing dmeventd or progress polling.
[[0;32m  OK  [0m] Started Load Kernel Modules.
         Mounting FUSE Control File System...
         Starting Apply Kernel Variables...
         Mounting Kernel Configuration File System...
[[0;32m  OK  [0m] Mounted FUSE Control File System.
[[0;32m  OK  [0m] Mounted Kernel Configuration File System.
[[0;32m  OK  [0m] Started Remount Root and Kernel File Systems.
         Starting Flush Journal to Persistent Storage...
         Starting udev Kernel Device Manager...
         Starting Load/Save Random Seed...
[[0;32m  OK  [0m] Started Apply Kernel Variables.
[[0;32m  OK  [0m] Started Load/Save Random Seed.
[[0;32m  OK  [0m] Started udev Kernel Device Manager.
[[0;32m  OK  [0m] Started Flush Journal to Persistent Storage.
[[0;32m  OK  [0m] Found device /dev/ttyS0.
[[0;32m  OK  [0m] Listening on Load/Save RF Kill Switch Status /dev/rfkill Watch.
         Mounting Arbitrary Executable File Formats File System...
[[0;32m  OK  [0m] Mounted Arbitrary Executable File Formats File System.
[[0;32m  OK  [0m] Started Set the console keyboard layout.
[[0;32m  OK  [0m] Started Dispatch Password Requests to Console Directory Watch.
[[0;32m  OK  [0m] Reached target Local Encrypted Volumes.
[[0;32m  OK  [0m] Reached target Local File Systems (Pre).
[[0;32m  OK  [0m] Reached target Local File Systems.
         Starting Create Volatile Files and Directories...
         Starting ebtables ruleset management...
         Starting Set console font and keymap...
         Starting AppArmor initialization...
         Starting Commit a transient machine-id on disk...
         Starting Tell Plymouth To Write Out Runtime Data...
[[0;32m  OK  [0m] Started Tell Plymouth To Write Out Runtime Data.
[[0;32m  OK  [0m] Started Create Volatile Files and Directories.
         Starting Update UTMP about System Boot/Shutdown...
[[0;32m  OK  [0m] Started Update UTMP about System Boot/Shutdown.
[[0;32m  OK  [0m] Started Commit a transient machine-id on disk.
[[0;32m  OK  [0m] Started ebtables ruleset management.
[[0;32m  OK  [0m] Started Set console font and keymap.
[[0;32m  OK  [0m] Started AppArmor initialization.
         Starting Initial cloud-init job (pre-networking)...
         Starting Load AppArmor profiles managed internally by snapd...
[[0;32m  OK  [0m] Started Load AppArmor profiles managed internally by snapd.
[    9.031655] cloud-init[884]: Cloud-init v. 23.1.2-0ubuntu0~18.04.1 running 'init-local' at Wed, 27 Aug 2025 18:58:20 +0000. Up 8.71 seconds.
[[0;32m  OK  [0m] Started Initial cloud-init job (pre-networking).
[[0;32m  OK  [0m] Reached target Network (Pre).
         Starting Network Service...
[[0;32m  OK  [0m] Started Network Service.
         Starting Wait for Network to be Configured...
         Starting Network Name Resolution...
[[0;32m  OK  [0m] Started Network Name Resolution.
[[0;32m  OK  [0m] Reached target Network.
[[0;32m  OK  [0m] Reached target Host and Network Name Lookups.
[[0;32m  OK  [0m] Started Wait for Network to be Configured.
         Starting Initial cloud-init job (metadata service crawler)...
[   10.905425] cloud-init[1025]: Cloud-init v. 23.1.2-0ubuntu0~18.04.1 running 'init' at Wed, 27 Aug 2025 18:58:22 +0000. Up 10.74 seconds.
[   10.907618] cloud-init[1025]: ci-info: ++++++++++++++++++++++++++++++++++++++Net device info+++++++++++++++++++++++++++++++++++++++
[   10.909614] cloud-init[1025]: ci-info: +--------+-------+----------------------------+---------------+--------+-------------------+
[   10.911118] cloud-init[1025]: ci-info: | Device |   Up  |          Address           |      Mask     | Scope  |     Hw-Address    |
[   10.912396] cloud-init[1025]: ci-info: +--------+-------+----------------------------+---------------+--------+-------------------+
[   10.913770] cloud-init[1025]: ci-info: | enp0s3 |  True |         10.0.2.15          | 255.255.255.0 | global | 02:3b:7b:b7:3b:2d |
[   10.915151] cloud-init[1025]: ci-info: | enp0s3 |  True | fe80::3b:7bff:feb7:3b2d/64 |       .       |  link  | 02:3b:7b:b7:3b:2d |
[   10.916408] cloud-init[1025]: ci-info: | enp0s8 | False |             .              |       .       |   .    | 08:00:27:e8:67:da |
[   10.917793] cloud-init[1025]: ci-info: |   lo   |  True |         127.0.0.1          |   255.0.0.0   |  host  |         .         |
[   10.919140] cloud-init[1025]: ci-info: |   lo   |  True |          ::1/128           |       .       |  host  |         .         |
[   10.920585] cloud-init[1025]: ci-info: +--------+-------+----------------------------+---------------+--------+-------------------+
[   10.921925] cloud-init[1025]: ci-info: ++++++++++++++++++++++++++++Route IPv4 info+++++++++++++++++++++++++++++
[   10.923126] cloud-init[1025]: ci-info: +-------+-------------+----------+-----------------+-----------+-------+
[   10.924368] cloud-init[1025]: ci-info: | Route | Destination | Gateway  |     Genmask     | Interface | Flags |
[   10.925439] cloud-init[1025]: ci-info: +-------+-------------+----------+-----------------+-----------+-------+
[   10.926674] cloud-init[1025]: ci-info: |   0   |   0.0.0.0   | 10.0.2.2 |     0.0.0.0     |   enp0s3  |   UG  |
[   10.927840] cloud-init[1025]: ci-info: |   1   |   10.0.2.0  | 0.0.0.0  |  255.255.255.0  |   enp0s3  |   U   |
[   10.928799] cloud-init[1025]: ci-info: |   2   |   10.0.2.2  | 0.0.0.0  | 255.255.255.255 |   enp0s3  |   UH  |
[   10.929708] cloud-init[1025]: ci-info: +-------+-------------+----------+-----------------+-----------+-------+
[   10.930614] cloud-init[1025]: ci-info: +++++++++++++++++++Route IPv6 info+++++++++++++++++++
[   10.931445] cloud-init[1025]: ci-info: +-------+-------------+---------+-----------+-------+
[   10.932626] cloud-init[1025]: ci-info: | Route | Destination | Gateway | Interface | Flags |
[   10.933619] cloud-init[1025]: ci-info: +-------+-------------+---------+-----------+-------+
[   10.934625] cloud-init[1025]: ci-info: |   1   |  fe80::/64  |    ::   |   enp0s3  |   U   |
[   10.935372] cloud-init[1025]: ci-info: |   3   |    local    |    ::   |   enp0s3  |   U   |
[   10.936257] cloud-init[1025]: ci-info: |   4   |   ff00::/8  |    ::   |   enp0s3  |   U   |
[   10.937328] cloud-init[1025]: ci-info: +-------+-------------+---------+-----------+-------+
[   11.955000] cloud-init[1025]: Generating public/private rsa key pair.
[   11.955904] cloud-init[1025]: Your identification has been saved in /etc/ssh/ssh_host_rsa_key.
[   11.957271] cloud-init[1025]: Your public key has been saved in /etc/ssh/ssh_host_rsa_key.pub.
[   11.958479] cloud-init[1025]: The key fingerprint is:
[   11.959177] cloud-init[1025]: SHA256:VxGxGLch5yQnL3z2zlGKN0yPdJgdhlq4W6zd3uFCpUI root@ubuntu-bionic
[   11.960289] cloud-init[1025]: The key's randomart image is:
[   11.960866] cloud-init[1025]: +---[RSA 2048]----+
[   11.961427] cloud-init[1025]: |          = @o.o |
[   11.962304] cloud-init[1025]: |         . # B.+.|
[   11.963195] cloud-init[1025]: |          + & = +|
[   11.963860] cloud-init[1025]: |           E O B |
[   11.964813] cloud-init[1025]: |        S o * % .|
[   11.965747] cloud-init[1025]: |         . + B = |
[   11.966550] cloud-init[1025]: |            o = o|
[   11.967371] cloud-init[1025]: |             . o.|
[   11.968085] cloud-init[1025]: |              .  |
[   11.968640] cloud-init[1025]: +----[SHA256]-----+
[   11.969111] cloud-init[1025]: Generating public/private dsa key pair.
[   11.969707] cloud-init[1025]: Your identification has been saved in /etc/ssh/ssh_host_dsa_key.
[   11.970675] cloud-init[1025]: Your public key has been saved in /etc/ssh/ssh_host_dsa_key.pub.
[   11.971591] cloud-init[1025]: The key fingerprint is:
[   11.972312] cloud-init[1025]: SHA256:w+4G5zINWtcxn+4UNQEvrqn/Xo4C1p0awGPtwSFD8cc root@ubuntu-bionic
[   11.973164] cloud-init[1025]: The key's randomart image is:
[   11.973795] cloud-init[1025]: +---[DSA 1024]----+
[   11.974577] cloud-init[1025]: |       .o.  ...  |
[   11.975401] cloud-init[1025]: |        o... . . |
[   11.976257] cloud-init[1025]: |       . =..E +  |
[   11.977060] cloud-init[1025]: |       .= *o o . |
[   11.977853] cloud-init[1025]: |       .S* *oo   |
[   11.978714] cloud-init[1025]: |      +.=.=o=.   |
[   11.979472] cloud-init[1025]: |     o O..o+. .  |
[   11.980364] cloud-init[1025]: |    . o.+.o..+   |
[   11.981352] cloud-init[1025]: |       +o..== .  |
[   11.992696] cloud-init[1025]: +----[SHA256]-----+
[   11.993232] cloud-init[1025]: Generating public/private ecdsa key pair.
[   11.994142] cloud-init[1025]: Your identification has been saved in /etc/ssh/ssh_host_ecdsa_key.
[   11.995397] cloud-init[1025]: Your public key has been saved in /etc/ssh/ssh_host_ecdsa_key.pub.
[   11.996616] cloud-init[1025]: The key fingerprint is:
[   11.997464] cloud-init[1025]: SHA256:A+X8LxdfYQUgOg/PZ3JcbZ2Sj5y24L4eGaOCfhURiIY root@ubuntu-bionic
[   11.998587] cloud-init[1025]: The key's randomart image is:
[   12.012389] cloud-init[1025]: +---[ECDSA 256]---+
[   12.013504] cloud-init[1025]: |    . . o.o .....|
[   12.014262] cloud-init[1025]: |   E o = o .  ..+|
[   12.014819] cloud-init[1025]: |    . . * .  o.++|
[   12.015473] cloud-init[1025]: |       . O ...*..|
[   12.016142] cloud-init[1025]: |        S B+*= ..|
[   12.016885] cloud-init[1025]: |      .  oo**o.. |
[   12.032683] cloud-init[1025]: |     . ....+o..  |
[   12.033428] cloud-init[1025]: |    .  .. .o.    |
[   12.034232] cloud-init[1025]: |     ..   .+.    |
[   12.034785] cloud-init[1025]: +----[SHA256]-----+
[   12.035329] cloud-init[1025]: Generating public/private ed25519 key pair.
[   12.036068] cloud-init[1025]: Your identification has been saved in /etc/ssh/ssh_host_ed25519_key.
[   12.036979] cloud-init[1025]: Your public key has been saved in /etc/ssh/ssh_host_ed25519_key.pub.
[   12.037921] cloud-init[1025]: The key fingerprint is:
[   12.038590] cloud-init[1025]: SHA256:vO5cxf0Wxf9df28keQROG5PWg9Du1s/GpwuS4fOBQzM root@ubuntu-bionic
[   12.039770] cloud-init[1025]: The key's randomart image is:
[   12.040815] cloud-init[1025]: +--[ED25519 256]--+
[   12.052674] cloud-init[1025]: |           .o .o |
[   12.053485] cloud-init[1025]: |             oBo.|
[   12.054347] cloud-init[1025]: |            .+ =+|
[   12.055213] cloud-init[1025]: |       .   . oo +|
[   12.055924] cloud-init[1025]: |        S E + o+o|
[   12.056798] cloud-init[1025]: |         + B oooO|
[   12.057544] cloud-init[1025]: |        . O +  *O|
[[0;32m  OK  [0m] Started Initial cloud-init job (metadata service crawler).
[   12.072728] cloud-init[[0;32m  OK  [0m] Reached target Network is Online.
[1025]: |       o . = o .X|
[   12.073965] cloud-init[1025]: |       .+   . o=o|
[   12.074616] cloud-init[1025]: +----[SHA256]-----+
[[0;32m  OK  [0m] Reached target Remote File Systems (Pre).
[[0;32m  OK  [0m] Reached target Remote File Systems.
         Starting Availability of block devices...
[[0;32m  OK  [0m] Reached target System Initialization.
[[0;32m  OK  [0m] Started Ubuntu Advantage Timer for running repeated jobs.
[[0;32m  OK  [0m] Listening on cloud-init hotplug hook socket.
         Starting Socket activation for snappy daemon.
[[0;32m  OK  [0m] Started Message of the Day.
[[0;32m  OK  [0m] Listening on D-Bus System Message Bus Socket.
[[0;32m  OK  [0m] Listening on ACPID Listen Socket.
[[0;32m  OK  [0m] Started Daily apt download activities.
[[0;32m  OK  [0m] Started Daily apt upgrade and clean activities.
[[0;32m  OK  [0m] Started Discard unused blocks once a week.
         Starting LXD - unix socket.
[[0;32m  OK  [0m] Started ACPI Events Check.
[[0;32m  OK  [0m] Reached target Paths.
[[0;32m  OK  [0m] Listening on Open-iSCSI iscsid Socket.
[[0;32m  OK  [0m] Started Daily Cleanup of Temporary Directories.
[[0;32m  OK  [0m] Reached target Timers.
[[0;32m  OK  [0m] Listening on UUID daemon activation socket.
[[0;32m  OK  [0m] Reached target Cloud-config availability.
[[0;32m  OK  [0m] Started Availability of block devices.
[[0;32m  OK  [0m] Listening on Socket activation for snappy daemon.
[[0;32m  OK  [0m] Listening on LXD - unix socket.
[[0;32m  OK  [0m] Reached target Sockets.
[[0;32m  OK  [0m] Reached target Basic System.
[[0;32m  OK  [0m] Started irqbalance daemon.
[[0;32m  OK  [0m] Started Regular background program processing daemon.
         Starting Snap Daemon...
         Starting Login Service...
[[0;32m  OK  [0m] Started D-Bus System Message Bus.
         Starting Pollinate to seed the pseudo random number generator...
         Starting LXD - container startup/shutdown...
         Starting LSB: Record successful boot for GRUB...
         Starting LSB: automatic crash report generation...
         Starting System Logging Service...
[[0;32m  OK  [0m] Reached target Login Prompts (Pre).
         Starting Virtualbox guest utils...
         Starting Accounts Service...
[[0;32m  OK  [0m] Started FUSE filesystem for LXC.
[[0;32m  OK  [0m] Started Deferred execution scheduler.
         Starting Permit User Sessions...
         Starting Dispatcher daemon for systemd-networkd...
[[0;32m  OK  [0m] Started System Logging Service.
[[0;32m  OK  [0m] Started Permit User Sessions.
[[0;32m  OK  [0m] Started Login Service.
         Starting Authorization Manager...
[[0;32m  OK  [0m] Started Unattended Upgrades Shutdown.
         Starting Hold until boot process finishes up...
         Starting Terminate Plymouth Boot Screen...
[[0;32m  OK  [0m] Started Hold until boot process finishes up.
[[0;32m  OK  [0m] Started Serial Getty on ttyS0.
         Starting Set console scheme...
[[0;32m  OK  [0m] Started Terminate Plymouth Boot Screen.
[[0;32m  OK  [0m] Started LSB: automatic crash report generation.
[[0;32m  OK  [0m] Started Set console scheme.
[[0;32m  OK  [0m] Created slice system-getty.slice.
[[0;32m  OK  [0m] Started Getty on tty1.
[[0;32m  OK  [0m] Reached target Login Prompts.
[[0;32m  OK  [0m] Started LXD - container startup/shutdown.
[[0;32m  OK  [0m] Started LSB: Record successful boot for GRUB.
[[0;32m  OK  [0m] Started Virtualbox guest utils.
[[0;32m  OK  [0m] Started Authorization Manager.
[[0;32m  OK  [0m] Started Accounts Service.
[[0;32m  OK  [0m] Started Dispatcher daemon for systemd-networkd.
[[0;32m  OK  [0m] Started Snap Daemon.
         Starting Wait until snapd is fully seeded...
         Starting Time & Date Service...
[[0;32m  OK  [0m] Started Time & Date Service.
[[0;32m  OK  [0m] Started Pollinate to seed the pseudo random number generator.
         Starting OpenBSD Secure Shell server...
[[0;32m  OK  [0m] Started OpenBSD Secure Shell server.
[[0;32m  OK  [0m] Created slice User Slice of vagrant.
         Starting User Manager for UID 1000...
[[0;32m  OK  [0m] Started Session 1 of user vagrant.
[[0;32m  OK  [0m] Started User Manager for UID 1000.

Ubuntu 18.04.6 LTS ubuntu-bionic ttyS0

ubuntu-bionic login: [   23.344994] cloud-init[2157]: Cloud-init v. 23.1.2-0ubuntu0~18.04.1 running 'modules:config' at Wed, 27 Aug 2025 18:58:34 +0000. Up 22.88 seconds.
ci-info: no authorized SSH keys fingerprints found for user ubuntu.
<14>Aug 27 18:58:36 cloud-init: #############################################################
<14>Aug 27 18:58:36 cloud-init: -----BEGIN SSH HOST KEY FINGERPRINTS-----
<14>Aug 27 18:58:36 cloud-init: 1024 SHA256:w+4G5zINWtcxn+4UNQEvrqn/Xo4C1p0awGPtwSFD8cc root@ubuntu-bionic (DSA)
<14>Aug 27 18:58:36 cloud-init: 256 SHA256:A+X8LxdfYQUgOg/PZ3JcbZ2Sj5y24L4eGaOCfhURiIY root@ubuntu-bionic (ECDSA)
<14>Aug 27 18:58:36 cloud-init: 256 SHA256:vO5cxf0Wxf9df28keQROG5PWg9Du1s/GpwuS4fOBQzM root@ubuntu-bionic (ED25519)
<14>Aug 27 18:58:36 cloud-init: 2048 SHA256:VxGxGLch5yQnL3z2zlGKN0yPdJgdhlq4W6zd3uFCpUI root@ubuntu-bionic (RSA)
<14>Aug 27 18:58:36 cloud-init: -----END SSH HOST KEY FINGERPRINTS-----
<14>Aug 27 18:58:36 cloud-init: #############################################################
-----BEGIN SSH HOST KEY KEYS-----
ecdsa-sha2-nistp256 AAAAE2VjZHNhLXNoYTItbmlzdHAyNTYAAAAIbmlzdHAyNTYAAABBBKXph2yK7QhBrFRdlW93hFqyMAf4qWq/PX1MZ4JHm821sk1sYU2fw8rP+FTGK/hL0voHO1dohpRTC41dftLLwIM= root@ubuntu-bionic
ssh-ed25519 AAAAC3NzaC1lZDI1NTE5AAAAIHVbpaEczLBRmeZnhxKJY5SDnqDlNejmxgwbJJ8FeamH root@ubuntu-bionic
ssh-rsa AAAAB3NzaC1yc2EAAAADAQABAAABAQCgIjMCGnCq5+57BcMRqeiYeJ8eLvLXmzR8pudsn62wyhkydRqJuZQEmegwGujjl+plVkUILAtdsdr/VWn/5TpbelejqlvLWC9NIiLQVc4kkRsAs+jGbU6Ir1jPif+0U1cfkmInSD7FDvZuqvqT5IEDalYqBXQUx3nDHl3QZXkkVfsAsbtHQBQBN+fhdKTKMuRWjxKwjN99Q2peNcIZs4b8Ko3FNC8WIcM2O0bJtk0kdRApaDzBX4lJaQ1j6cXF1sX+JiQntLg+ABCHPBFYwHV4mYj31LnFl+NrEJHEwuh++Cu1Vm5+s1rbw2iXDuglkkWHguoV8BdiowCQ2E55pqrR root@ubuntu-bionic
-----END SSH HOST KEY KEYS-----
[   24.105986] cloud-init[2299]: Cloud-init v. 23.1.2-0ubuntu0~18.04.1 running 'modules:final' at Wed, 27 Aug 2025 18:58:35 +0000. Up 23.90 seconds.
[   24.106137] cloud-init[2299]: Cloud-init v. 23.1.2-0ubuntu0~18.04.1 finished at Wed, 27 Aug 2025 18:58:36 +0000. Datasource DataSourceNoCloud [seed=/dev/sdb][dsmode=net].  Up 24.09 seconds
[[0;32m  OK  [0m] Stopped target Graphical Interface.
[[0;32m  OK  [0m] Stopped target Cloud-init target.
[[0;32m  OK  [0m] Stopped target Timers.
[[0;32m  OK  [0m] Stopped Message of the Day.
[[0;32m  OK  [0m] Closed Load/Save RF Kill Switch Status /dev/rfkill Watch.
[[0;32m  OK  [0m] Stopped Daily Cleanup of Temporary Directories.
         Stopping Authorization Manager...
[[0;32m  OK  [0m] Stopped Daily apt upgrade and clean activities.
[[0;32m  OK  [0m] Stopped Execute cloud user/final scripts.
[[0;32m  OK  [0m] Stopped Apply the settings specified in cloud-config.
[[0;32m  OK  [0m] Stopped Discard unused blocks once a week.
[[0;32m  OK  [0m] Stopped target Host and Network Name Lookups.
[[0;32m  OK  [0m] Stopped target Network is Online.
[[0;32m  OK  [0m] Stopped Daily apt download activities.
[[0;32m  OK  [0m] Stopped target System Time Synchronized.
[[0;32m  OK  [0m] Stopped target Multi-User System.
         Stopping irqbalance daemon...
         Stopping Regular background program processing daemon...
         Stopping LSB: Record successful boot for GRUB...
[[0;32m  OK  [0m] Stopped target Login Prompts.
         Stopping Getty on tty1...
         Stopping Serial Getty on ttyS0...
         Stopping LXD - container startup/shutdown...
         Stopping OpenBSD Secure Shell server...
         Stopping D-Bus System Message Bus...
         Stopping LSB: automatic crash report generation...
         Stopping System Logging Service...
         Stopping Dispatcher daemon for systemd-networkd...
         Stopping FUSE filesystem for LXC...
[[0;32m  OK  [0m] Stopped Wait until snapd is fully seeded.
         Stopping User Manager for UID 1000...
         Stopping Deferred execution scheduler...
[[0;32m  OK  [0m] Stopped target Cloud-config availability.
[[0;32m  OK  [0m] Stopped Ubuntu Advantage Timer for running repeated jobs.
         Stopping Accounts Service...
         Stopping Session 3 of user vagrant.
         Stopping Availability of block devices...
[[0;32m  OK  [0m] Stopped irqbalance daemon.
[[0;32m  OK  [0m] Unmounted /var/lib/lxcfs.
[[0;32m  OK  [0m] Stopped Regular background program processing daemon.
[[0;32m  OK  [0m] Stopped System Logging Service.
[[0;32m  OK  [0m] Stopped Accounts Service.
[[0;32m  OK  [0m] Stopped Deferred execution scheduler.
[[0;32m  OK  [0m] Stopped Dispatcher daemon for systemd-networkd.
[[0;32m  OK  [0m] Stopped Authorization Manager.
[[0;32m  OK  [0m] Stopped Serial Getty on ttyS0.
[[0;32m  OK  [0m] Stopped Getty on tty1.
[[0;32m  OK  [0m] Stopped D-Bus System Message Bus.
[[0;32m  OK  [0m] Stopped Session 3 of user vagrant.
[[0;32m  OK  [0m] Removed slice system-getty.slice.
[[0;32m  OK  [0m] Stopped target Login Prompts (Pre).
[[0;32m  OK  [0m] Removed slice system-serial\x2dgetty.slice.
[[0;32m  OK  [0m] Stopped LXD - container startup/shutdown.
[[0;32m  OK  [0m] Stopped User Manager for UID 1000.
[[0;32m  OK  [0m] Removed slice User Slice of vagrant.
         Stopping Login Service...
         Stopping Permit User Sessions...
[[0;32m  OK  [0m] Stopped OpenBSD Secure Shell server.
[[0;32m  OK  [0m] Stopped FUSE filesystem for LXC.
[[0;32m  OK  [0m] Stopped Permit User Sessions.
[[0;32m  OK  [0m] Stopped target Network.
         Stopping Network Name Resolution...
[[0;32m  OK  [0m] Stopped Network Name Resolution.
[[0;32m  OK  [0m] Stopped Login Service.
[[0;32m  OK  [0m] Stopped target User and Group Name Lookups.
[[0;32m  OK  [0m] Stopped Availability of block devices.
[[0;32m  OK  [0m] Stopped LSB: Record successful boot for GRUB.
[[0;32m  OK  [0m] Stopped LSB: automatic crash report generation.
[[0;32m  OK  [0m] Stopped target Basic System.
[[0;32m  OK  [0m] Stopped target Sockets.
[[0;32m  OK  [0m] Closed LXD - unix socket.
[[0;32m  OK  [0m] Closed D-Bus System Message Bus Socket.
[[0;32m  OK  [0m] Closed Open-iSCSI iscsid Socket.
[[0;32m  OK  [0m] Closed UUID daemon activation socket.
[[0;32m  OK  [0m] Closed ACPID Listen Socket.
[[0;32m  OK  [0m] Closed Syslog Socket.
[[0;32m  OK  [0m] Closed cloud-init hotplug hook socket.
[[0;32m  OK  [0m] Closed Socket activation for snappy daemon.
[[0;32m  OK  [0m] Stopped target Paths.
[[0;32m  OK  [0m] Stopped ACPI Events Check.
[[0;32m  OK  [0m] Stopped target Slices.
[[0;32m  OK  [0m] Removed slice User and Session Slice.
[[0;32m  OK  [0m] Stopped target System Initialization.
         Stopping Update UTMP about System Boot/Shutdown...
[[0;32m  OK  [0m] Stopped Commit a transient machine-id on disk.
         Stopping Load/Save Random Seed...
[[0;32m  OK  [0m] Stopped Initial cloud-init job (metadata service crawler).
[[0;32m  OK  [0m] Stopped Wait for Network to be Configured.
         Stopping Network Service...
[[0;32m  OK  [0m] Stopped target Local Encrypted Volumes.
[[0;32m  OK  [0m] Stopped Dispatch Password Requests to Console Directory Watch.
[[0;32m  OK  [0m] Stopped Forward Password Requests to Wall Directory Watch.
[[0;32m  OK  [0m] Stopped target Remote File Systems.
[[0;32m  OK  [0m] Stopped target Remote File Systems (Pre).
[[0;32m  OK  [0m] Stopped Load/Save Random Seed.
[[0;32m  OK  [0m] Stopped Update UTMP about System Boot/Shutdown.
[[0;32m  OK  [0m] Stopped Network Service.
[[0;32m  OK  [0m] Stopped target Network (Pre).
[[0;32m  OK  [0m] Stopped Initial cloud-init job (pre-networking).
[[0;32m  OK  [0m] Stopped Apply Kernel Variables.
[[0;32m  OK  [0m] Stopped Load Kernel Modules.
[[0;32m  OK  [0m] Stopped Create Volatile Files and Directories.
[[0;32m  OK  [0m] Stopped target Local File Systems.
[[0;32m  OK  [0m] Stopped target Mounted snaps.
[[0;32m  OK  [0m] Stopped target Mounting snaps.
         Unmounting /run/user/1000...
[[0;32m  OK  [0m] Unmounted /run/user/1000.
[[0;32m  OK  [0m] Reached target Unmount All Filesystems.
[[0;32m  OK  [0m] Stopped target Local File Systems (Pre).
         Stopping Monitoring of LVM2 mirrors…ng dmeventd or progress polling...
[[0;32m  OK  [0m] Stopped Remount Root and Kernel File Systems.
[[0;32m  OK  [0m] Stopped Create Static Device Nodes in /dev.
[[0;32m  OK  [0m] Stopped target Swap.
[[0;32m  OK  [0m] Reached target Shutdown.
[[0;32m  OK  [0m] Reached target Final Step.
         Starting Power-Off...
[[0;32m  OK  [0m] Stopped Monitoring of LVM2 mirrors,…sing dmeventd or progress polling.
         Stopping LVM2 metadata daemon...
[[0;32m  OK  [0m] Stopped LVM2 metadata daemon.
[  102.184817] reboot: Power down
